  main.cpp
C:\Users\RELOAD\source\repos\AISD-Lab1\main.cpp(90,16): warning C4244: инициализация: преобразование "__int64" в "int", возможна потеря данных
C:\Users\RELOAD\source\repos\AISD-Lab1\main.cpp(264,13): message : выполняется компиляция ссылки на экземпляр шаблон функции "void GiveAnX<int>(const Mnogochlen<int> *)"
C:\Users\RELOAD\source\repos\AISD-Lab1\main.cpp(343,24): message : выполняется компиляция ссылки на экземпляр шаблон функции "int Menu1<int>(void)"
  Mnogochlen.cpp
C:\Users\RELOAD\source\repos\AISD-Lab1\Mnogochlen.cpp(36,16): warning C4244: инициализация: преобразование "const __int64" в "int", возможна потеря данных
C:\Users\RELOAD\source\repos\AISD-Lab1\Mnogochlen.cpp(33,1): message : во время компиляции функции-члена класс шаблон "Mnogochlen<int> Mnogochlen<int>::Normalize(void) const"
C:\Users\RELOAD\source\repos\AISD-Lab1\Mnogochlen.cpp(368,31): message : выполняется компиляция ссылки на экземпляр класс шаблон функции "Mnogochlen<int>"
C:\Users\RELOAD\source\repos\AISD-Lab1\Mnogochlen.cpp(319,13): warning C4244: инициализация: преобразование "double" в "T", возможна потеря данных
          with
          [
              T=int
          ]
C:\Users\RELOAD\source\repos\AISD-Lab1\Mnogochlen.cpp(298,1): message : во время компиляции функции-члена класс шаблон "void Mnogochlen<int>::GetRoots(void) const"
C:\Users\RELOAD\source\repos\AISD-Lab1\Mnogochlen.cpp(321,20): warning C4244: =: преобразование "double" в "T", возможна потеря данных
          with
          [
              T=int
          ]
C:\Users\RELOAD\source\repos\AISD-Lab1\Mnogochlen.cpp(322,33): warning C4244: =: преобразование "double" в "T", возможна потеря данных
          with
          [
              T=int
          ]
C:\Users\RELOAD\source\repos\AISD-Lab1\Mnogochlen.cpp(323,46): warning C4244: =: преобразование "double" в "T", возможна потеря данных
          with
          [
              T=int
          ]
C:\Users\RELOAD\source\repos\AISD-Lab1\Mnogochlen.cpp(324,46): warning C4244: =: преобразование "double" в "T", возможна потеря данных
          with
          [
              T=int
          ]
C:\Users\RELOAD\source\repos\AISD-Lab1\Mnogochlen.cpp(334,14): warning C4244: =: преобразование "double" в "T", возможна потеря данных
          with
          [
              T=int
          ]
C:\Users\RELOAD\source\repos\AISD-Lab1\Mnogochlen.cpp(344,36): warning C4244: =: преобразование "double" в "T", возможна потеря данных
          with
          [
              T=int
          ]
C:\Users\RELOAD\source\repos\AISD-Lab1\Mnogochlen.cpp(361,31): warning C4244: +=: преобразование "double" в "T", возможна потеря данных
          with
          [
              T=int
          ]
C:\Users\RELOAD\source\repos\AISD-Lab1\Mnogochlen.cpp(356,1): message : во время компиляции функции-члена класс шаблон "T Mnogochlen<T>::CountValue(T) const"
          with
          [
              T=int
          ]
C:\Users\RELOAD\source\repos\AISD-Lab1\Mnogochlen.cpp(247,48): error C2677: бинарный "<": не найден глобальный оператор, принимающий тип "const T" (или приемлемое преобразование отсутствует)
          with
          [
              T=std::complex<float>
          ]
C:\Users\RELOAD\source\repos\AISD-Lab1\Mnogochlen.cpp(11,6): message : может быть "bool operator <(const std::complex<_Other>,const std::complex<_Other>)"
C:\Users\RELOAD\source\repos\AISD-Lab1\Mnogochlen.cpp(247,24): message : 'bool operator <(const std::complex<_Other>,const std::complex<_Other>)': не удалось вывести аргумент шаблон для 'const std::complex<_Other>' из '_Ty'
          with
          [
              _Ty=float
          ]
C:\Program Files\Microsoft Visual Studio\2022\Community\VC\Tools\MSVC\14.34.31933\include\memory(3545,30): message : или       "bool std::operator <(std::nullptr_t,const std::unique_ptr<_Ty,_Dx> &)"
C:\Users\RELOAD\source\repos\AISD-Lab1\Mnogochlen.cpp(247,24): message : 'bool std::operator <(std::nullptr_t,const std::unique_ptr<_Ty,_Dx> &)': не удалось вывести аргумент шаблон для 'const std::unique_ptr<_Ty,_Dx> &' из 'const T'
          with
          [
              T=std::complex<float>
          ]
C:\Program Files\Microsoft Visual Studio\2022\Community\VC\Tools\MSVC\14.34.31933\include\memory(3539,30): message : или       "bool std::operator <(const std::unique_ptr<_Ty,_Dx> &,std::nullptr_t)"
C:\Users\RELOAD\source\repos\AISD-Lab1\Mnogochlen.cpp(247,24): message : 'bool std::operator <(const std::unique_ptr<_Ty,_Dx> &,std::nullptr_t)': не удалось вывести аргумент шаблон для 'const std::unique_ptr<_Ty,_Dx> &' из '_Ty'
          with
          [
              _Ty=float
          ]
C:\Program Files\Microsoft Visual Studio\2022\Community\VC\Tools\MSVC\14.34.31933\include\memory(3481,17): message : или       "bool std::operator <(const std::unique_ptr<_Ty,_Dx> &,const std::unique_ptr<_Ty2,_Dx2> &)"
C:\Users\RELOAD\source\repos\AISD-Lab1\Mnogochlen.cpp(247,24): message : 'bool std::operator <(const std::unique_ptr<_Ty,_Dx> &,const std::unique_ptr<_Ty2,_Dx2> &)': не удалось вывести аргумент шаблон для 'const std::unique_ptr<_Ty,_Dx> &' из '_Ty'
          with
          [
              _Ty=float
          ]
C:\Program Files\Microsoft Visual Studio\2022\Community\VC\Tools\MSVC\14.34.31933\include\memory(1879,17): message : или       "bool std::operator <(std::nullptr_t,const std::shared_ptr<_Ty> &) noexcept"
C:\Users\RELOAD\source\repos\AISD-Lab1\Mnogochlen.cpp(247,24): message : 'bool std::operator <(std::nullptr_t,const std::shared_ptr<_Ty> &) noexcept': не удалось вывести аргумент шаблон для 'const std::shared_ptr<_Ty> &' из 'const T'
          with
          [
              T=std::complex<float>
          ]
C:\Program Files\Microsoft Visual Studio\2022\Community\VC\Tools\MSVC\14.34.31933\include\memory(1874,17): message : или       "bool std::operator <(const std::shared_ptr<_Ty> &,std::nullptr_t) noexcept"
C:\Users\RELOAD\source\repos\AISD-Lab1\Mnogochlen.cpp(247,24): message : 'bool std::operator <(const std::shared_ptr<_Ty> &,std::nullptr_t) noexcept': не удалось вывести аргумент шаблон для 'const std::shared_ptr<_Ty> &' из '_Ty'
          with
          [
              _Ty=float
          ]
C:\Program Files\Microsoft Visual Studio\2022\Community\VC\Tools\MSVC\14.34.31933\include\memory(1827,17): message : или       "bool std::operator <(const std::shared_ptr<_Ty> &,const std::shared_ptr<_Ty0> &) noexcept"
C:\Users\RELOAD\source\repos\AISD-Lab1\Mnogochlen.cpp(247,24): message : 'bool std::operator <(const std::shared_ptr<_Ty> &,const std::shared_ptr<_Ty0> &) noexcept': не удалось вывести аргумент шаблон для 'const std::shared_ptr<_Ty> &' из '_Ty'
          with
          [
              _Ty=float
          ]
C:\Program Files\Microsoft Visual Studio\2022\Community\VC\Tools\MSVC\14.34.31933\include\xstring(5241,17): message : или       "bool std::operator <(const std::basic_string<_Elem,_Traits,_Alloc> &,const _Elem *const )"
C:\Users\RELOAD\source\repos\AISD-Lab1\Mnogochlen.cpp(247,24): message : 'bool std::operator <(const std::basic_string<_Elem,_Traits,_Alloc> &,const _Elem *const )': не удалось вывести аргумент шаблон для 'const std::basic_string<_Elem,_Traits,_Alloc> &' из '_Ty'
          with
          [
              _Ty=float
          ]
C:\Program Files\Microsoft Visual Studio\2022\Community\VC\Tools\MSVC\14.34.31933\include\xstring(5236,17): message : или       "bool std::operator <(const _Elem *const ,const std::basic_string<_Elem,_Traits,_Alloc> &)"
C:\Users\RELOAD\source\repos\AISD-Lab1\Mnogochlen.cpp(247,24): message : 'bool std::operator <(const _Elem *const ,const std::basic_string<_Elem,_Traits,_Alloc> &)': не удалось вывести аргумент шаблон для 'const _Elem *const ' из '_Ty'
          with
          [
              _Ty=float
          ]
C:\Program Files\Microsoft Visual Studio\2022\Community\VC\Tools\MSVC\14.34.31933\include\xstring(5230,17): message : или       "bool std::operator <(const std::basic_string<_Elem,_Traits,_Alloc> &,const std::basic_string<_Elem,_Traits,_Alloc> &) noexcept"
C:\Users\RELOAD\source\repos\AISD-Lab1\Mnogochlen.cpp(247,24): message : 'bool std::operator <(const std::basic_string<_Elem,_Traits,_Alloc> &,const std::basic_string<_Elem,_Traits,_Alloc> &) noexcept': не удалось вывести аргумент шаблон для 'const std::basic_string<_Elem,_Traits,_Alloc> &' из '_Ty'
          with
          [
              _Ty=float
          ]
C:\Program Files\Microsoft Visual Studio\2022\Community\VC\Tools\MSVC\14.34.31933\include\xutility(3599,5): message : или       "bool std::operator <(const std::move_iterator<_Iter> &,const std::move_iterator<_Iter2> &) noexcept(<expr>)"
C:\Users\RELOAD\source\repos\AISD-Lab1\Mnogochlen.cpp(247,24): message : 'bool std::operator <(const std::move_iterator<_Iter> &,const std::move_iterator<_Iter2> &) noexcept(<expr>)': не удалось вывести аргумент шаблон для 'const std::move_iterator<_Iter> &' из '_Ty'
          with
          [
              _Ty=float
          ]
C:\Program Files\Microsoft Visual Studio\2022\Community\VC\Tools\MSVC\14.34.31933\include\xutility(1422,5): message : или       "bool std::operator <(const std::reverse_iterator<_BidIt> &,const std::reverse_iterator<_BidIt2> &) noexcept(<expr>)"
C:\Users\RELOAD\source\repos\AISD-Lab1\Mnogochlen.cpp(247,24): message : 'bool std::operator <(const std::reverse_iterator<_BidIt> &,const std::reverse_iterator<_BidIt2> &) noexcept(<expr>)': не удалось вывести аргумент шаблон для 'const std::reverse_iterator<_BidIt> &' из '_Ty'
          with
          [
              _Ty=float
          ]
C:\Program Files\Microsoft Visual Studio\2022\Community\VC\Tools\MSVC\14.34.31933\include\utility(387,27): message : или       "bool std::operator <(const std::pair<_Ty1,_Ty2> &,const std::pair<_Ty1,_Ty2> &)"
C:\Users\RELOAD\source\repos\AISD-Lab1\Mnogochlen.cpp(247,24): message : 'bool std::operator <(const std::pair<_Ty1,_Ty2> &,const std::pair<_Ty1,_Ty2> &)': не удалось вывести аргумент шаблон для 'const std::pair<_Ty1,_Ty2> &' из '_Ty'
          with
          [
              _Ty=float
          ]
C:\Users\RELOAD\source\repos\AISD-Lab1\Mnogochlen.cpp(236,1): message : во время компиляции функции-члена класс шаблон "bool Mnogochlen<std::complex<float>>::operator ==(const Mnogochlen<std::complex<float>> &) const"
C:\Users\RELOAD\source\repos\AISD-Lab1\Mnogochlen.cpp(279,48): error C2677: бинарный ">": не найден глобальный оператор, принимающий тип "const T" (или приемлемое преобразование отсутствует)
          with
          [
              T=std::complex<float>
          ]
C:\Users\RELOAD\source\repos\AISD-Lab1\Mnogochlen.cpp(5,6): message : может быть "bool operator >(const std::complex<_Other>,const std::complex<_Other>)"
C:\Users\RELOAD\source\repos\AISD-Lab1\Mnogochlen.cpp(279,24): message : 'bool operator >(const std::complex<_Other>,const std::complex<_Other>)': не удалось вывести аргумент шаблон для 'const std::complex<_Other>' из '_Ty'
          with
          [
              _Ty=float
          ]
C:\Program Files\Microsoft Visual Studio\2022\Community\VC\Tools\MSVC\14.34.31933\include\memory(3566,30): message : или       "bool std::operator >(std::nullptr_t,const std::unique_ptr<_Ty,_Dx> &)"
C:\Users\RELOAD\source\repos\AISD-Lab1\Mnogochlen.cpp(279,24): message : 'bool std::operator >(std::nullptr_t,const std::unique_ptr<_Ty,_Dx> &)': не удалось вывести аргумент шаблон для 'const std::unique_ptr<_Ty,_Dx> &' из 'const T'
          with
          [
              T=std::complex<float>
          ]
C:\Program Files\Microsoft Visual Studio\2022\Community\VC\Tools\MSVC\14.34.31933\include\memory(3561,30): message : или       "bool std::operator >(const std::unique_ptr<_Ty,_Dx> &,std::nullptr_t)"
C:\Users\RELOAD\source\repos\AISD-Lab1\Mnogochlen.cpp(279,24): message : 'bool std::operator >(const std::unique_ptr<_Ty,_Dx> &,std::nullptr_t)': не удалось вывести аргумент шаблон для 'const std::unique_ptr<_Ty,_Dx> &' из '_Ty'
          with
          [
              _Ty=float
          ]
C:\Program Files\Microsoft Visual Studio\2022\Community\VC\Tools\MSVC\14.34.31933\include\memory(3494,17): message : или       "bool std::operator >(const std::unique_ptr<_Ty,_Dx> &,const std::unique_ptr<_Ty2,_Dx2> &)"
C:\Users\RELOAD\source\repos\AISD-Lab1\Mnogochlen.cpp(279,24): message : 'bool std::operator >(const std::unique_ptr<_Ty,_Dx> &,const std::unique_ptr<_Ty2,_Dx2> &)': не удалось вывести аргумент шаблон для 'const std::unique_ptr<_Ty,_Dx> &' из '_Ty'
          with
          [
              _Ty=float
          ]
C:\Program Files\Microsoft Visual Studio\2022\Community\VC\Tools\MSVC\14.34.31933\include\memory(1899,17): message : или       "bool std::operator >(std::nullptr_t,const std::shared_ptr<_Ty> &) noexcept"
C:\Users\RELOAD\source\repos\AISD-Lab1\Mnogochlen.cpp(279,24): message : 'bool std::operator >(std::nullptr_t,const std::shared_ptr<_Ty> &) noexcept': не удалось вывести аргумент шаблон для 'const std::shared_ptr<_Ty> &' из 'const T'
          with
          [
              T=std::complex<float>
          ]
C:\Program Files\Microsoft Visual Studio\2022\Community\VC\Tools\MSVC\14.34.31933\include\memory(1894,17): message : или       "bool std::operator >(const std::shared_ptr<_Ty> &,std::nullptr_t) noexcept"
C:\Users\RELOAD\source\repos\AISD-Lab1\Mnogochlen.cpp(279,24): message : 'bool std::operator >(const std::shared_ptr<_Ty> &,std::nullptr_t) noexcept': не удалось вывести аргумент шаблон для 'const std::shared_ptr<_Ty> &' из '_Ty'
          with
          [
              _Ty=float
          ]
C:\Program Files\Microsoft Visual Studio\2022\Community\VC\Tools\MSVC\14.34.31933\include\memory(1837,17): message : или       "bool std::operator >(const std::shared_ptr<_Ty> &,const std::shared_ptr<_Ty0> &) noexcept"
C:\Users\RELOAD\source\repos\AISD-Lab1\Mnogochlen.cpp(279,24): message : 'bool std::operator >(const std::shared_ptr<_Ty> &,const std::shared_ptr<_Ty0> &) noexcept': не удалось вывести аргумент шаблон для 'const std::shared_ptr<_Ty> &' из '_Ty'
          with
          [
              _Ty=float
          ]
C:\Program Files\Microsoft Visual Studio\2022\Community\VC\Tools\MSVC\14.34.31933\include\xstring(5257,17): message : или       "bool std::operator >(const std::basic_string<_Elem,_Traits,_Alloc> &,const _Elem *const )"
C:\Users\RELOAD\source\repos\AISD-Lab1\Mnogochlen.cpp(279,24): message : 'bool std::operator >(const std::basic_string<_Elem,_Traits,_Alloc> &,const _Elem *const )': не удалось вывести аргумент шаблон для 'const std::basic_string<_Elem,_Traits,_Alloc> &' из '_Ty'
          with
          [
              _Ty=float
          ]
C:\Program Files\Microsoft Visual Studio\2022\Community\VC\Tools\MSVC\14.34.31933\include\xstring(5252,17): message : или       "bool std::operator >(const _Elem *const ,const std::basic_string<_Elem,_Traits,_Alloc> &)"
C:\Users\RELOAD\source\repos\AISD-Lab1\Mnogochlen.cpp(279,24): message : 'bool std::operator >(const _Elem *const ,const std::basic_string<_Elem,_Traits,_Alloc> &)': не удалось вывести аргумент шаблон для 'const _Elem *const ' из '_Ty'
          with
          [
              _Ty=float
          ]
C:\Program Files\Microsoft Visual Studio\2022\Community\VC\Tools\MSVC\14.34.31933\include\xstring(5246,17): message : или       "bool std::operator >(const std::basic_string<_Elem,_Traits,_Alloc> &,const std::basic_string<_Elem,_Traits,_Alloc> &) noexcept"
C:\Users\RELOAD\source\repos\AISD-Lab1\Mnogochlen.cpp(279,24): message : 'bool std::operator >(const std::basic_string<_Elem,_Traits,_Alloc> &,const std::basic_string<_Elem,_Traits,_Alloc> &) noexcept': не удалось вывести аргумент шаблон для 'const std::basic_string<_Elem,_Traits,_Alloc> &' из '_Ty'
          with
          [
              _Ty=float
          ]
C:\Program Files\Microsoft Visual Studio\2022\Community\VC\Tools\MSVC\14.34.31933\include\xutility(3611,30): message : или       "bool std::operator >(const std::move_iterator<_Iter> &,const std::move_iterator<_Iter2> &) noexcept(<expr>)"
C:\Users\RELOAD\source\repos\AISD-Lab1\Mnogochlen.cpp(279,24): message : 'bool std::operator >(const std::move_iterator<_Iter> &,const std::move_iterator<_Iter2> &) noexcept(<expr>)': не удалось вывести аргумент шаблон для 'const std::move_iterator<_Iter> &' из '_Ty'
          with
          [
              _Ty=float
          ]
C:\Program Files\Microsoft Visual Studio\2022\Community\VC\Tools\MSVC\14.34.31933\include\xutility(1435,5): message : или       "bool std::operator >(const std::reverse_iterator<_BidIt> &,const std::reverse_iterator<_BidIt2> &) noexcept(<expr>)"
C:\Users\RELOAD\source\repos\AISD-Lab1\Mnogochlen.cpp(279,24): message : 'bool std::operator >(const std::reverse_iterator<_BidIt> &,const std::reverse_iterator<_BidIt2> &) noexcept(<expr>)': не удалось вывести аргумент шаблон для 'const std::reverse_iterator<_BidIt> &' из '_Ty'
          with
          [
              _Ty=float
          ]
C:\Program Files\Microsoft Visual Studio\2022\Community\VC\Tools\MSVC\14.34.31933\include\utility(392,27): message : или       "bool std::operator >(const std::pair<_Ty1,_Ty2> &,const std::pair<_Ty1,_Ty2> &)"
C:\Users\RELOAD\source\repos\AISD-Lab1\Mnogochlen.cpp(279,24): message : 'bool std::operator >(const std::pair<_Ty1,_Ty2> &,const std::pair<_Ty1,_Ty2> &)': не удалось вывести аргумент шаблон для 'const std::pair<_Ty1,_Ty2> &' из '_Ty'
          with
          [
              _Ty=float
          ]
C:\Users\RELOAD\source\repos\AISD-Lab1\Mnogochlen.cpp(264,1): message : во время компиляции функции-члена класс шаблон "bool Mnogochlen<std::complex<float>>::operator !=(const Mnogochlen<std::complex<float>> &) const"
C:\Users\RELOAD\source\repos\AISD-Lab1\Mnogochlen.cpp(323,1): warning C4305: аргумент: усечение из "double" в "const std::complex<float>::_Ty"
C:\Users\RELOAD\source\repos\AISD-Lab1\Mnogochlen.cpp(298,1): message : во время компиляции функции-члена класс шаблон "void Mnogochlen<std::complex<float>>::GetRoots(void) const"
C:\Users\RELOAD\source\repos\AISD-Lab1\Mnogochlen.cpp(324,1): warning C4305: аргумент: усечение из "double" в "const std::complex<float>::_Ty"
C:\Users\RELOAD\source\repos\AISD-Lab1\Mnogochlen.cpp(361,49): warning C4244: аргумент: преобразование "__int64" в "const std::complex<float>::_Ty", возможна потеря данных
C:\Users\RELOAD\source\repos\AISD-Lab1\Mnogochlen.cpp(356,1): message : во время компиляции функции-члена класс шаблон "T Mnogochlen<T>::CountValue(T) const"
          with
          [
              T=std::complex<float>
          ]
C:\Users\RELOAD\source\repos\AISD-Lab1\Mnogochlen.cpp(247,48): error C2677: бинарный "<": не найден глобальный оператор, принимающий тип "const T" (или приемлемое преобразование отсутствует)
          with
          [
              T=std::complex<double>
          ]
C:\Users\RELOAD\source\repos\AISD-Lab1\Mnogochlen.cpp(11,6): message : может быть "bool operator <(const std::complex<_Other>,const std::complex<_Other>)"
C:\Users\RELOAD\source\repos\AISD-Lab1\Mnogochlen.cpp(247,24): message : 'bool operator <(const std::complex<_Other>,const std::complex<_Other>)': не удалось вывести аргумент шаблон для 'const std::complex<_Other>' из '_Ty'
          with
          [
              _Ty=double
          ]
C:\Program Files\Microsoft Visual Studio\2022\Community\VC\Tools\MSVC\14.34.31933\include\memory(3545,30): message : или       "bool std::operator <(std::nullptr_t,const std::unique_ptr<_Ty,_Dx> &)"
C:\Users\RELOAD\source\repos\AISD-Lab1\Mnogochlen.cpp(247,24): message : 'bool std::operator <(std::nullptr_t,const std::unique_ptr<_Ty,_Dx> &)': не удалось вывести аргумент шаблон для 'const std::unique_ptr<_Ty,_Dx> &' из 'const T'
          with
          [
              T=std::complex<double>
          ]
C:\Program Files\Microsoft Visual Studio\2022\Community\VC\Tools\MSVC\14.34.31933\include\memory(3539,30): message : или       "bool std::operator <(const std::unique_ptr<_Ty,_Dx> &,std::nullptr_t)"
C:\Users\RELOAD\source\repos\AISD-Lab1\Mnogochlen.cpp(247,24): message : 'bool std::operator <(const std::unique_ptr<_Ty,_Dx> &,std::nullptr_t)': не удалось вывести аргумент шаблон для 'const std::unique_ptr<_Ty,_Dx> &' из '_Ty'
          with
          [
              _Ty=double
          ]
C:\Program Files\Microsoft Visual Studio\2022\Community\VC\Tools\MSVC\14.34.31933\include\memory(3481,17): message : или       "bool std::operator <(const std::unique_ptr<_Ty,_Dx> &,const std::unique_ptr<_Ty2,_Dx2> &)"
C:\Users\RELOAD\source\repos\AISD-Lab1\Mnogochlen.cpp(247,24): message : 'bool std::operator <(const std::unique_ptr<_Ty,_Dx> &,const std::unique_ptr<_Ty2,_Dx2> &)': не удалось вывести аргумент шаблон для 'const std::unique_ptr<_Ty,_Dx> &' из '_Ty'
          with
          [
              _Ty=double
          ]
C:\Program Files\Microsoft Visual Studio\2022\Community\VC\Tools\MSVC\14.34.31933\include\memory(1879,17): message : или       "bool std::operator <(std::nullptr_t,const std::shared_ptr<_Ty> &) noexcept"
C:\Users\RELOAD\source\repos\AISD-Lab1\Mnogochlen.cpp(247,24): message : 'bool std::operator <(std::nullptr_t,const std::shared_ptr<_Ty> &) noexcept': не удалось вывести аргумент шаблон для 'const std::shared_ptr<_Ty> &' из 'const T'
          with
          [
              T=std::complex<double>
          ]
C:\Program Files\Microsoft Visual Studio\2022\Community\VC\Tools\MSVC\14.34.31933\include\memory(1874,17): message : или       "bool std::operator <(const std::shared_ptr<_Ty> &,std::nullptr_t) noexcept"
C:\Users\RELOAD\source\repos\AISD-Lab1\Mnogochlen.cpp(247,24): message : 'bool std::operator <(const std::shared_ptr<_Ty> &,std::nullptr_t) noexcept': не удалось вывести аргумент шаблон для 'const std::shared_ptr<_Ty> &' из '_Ty'
          with
          [
              _Ty=double
          ]
C:\Program Files\Microsoft Visual Studio\2022\Community\VC\Tools\MSVC\14.34.31933\include\memory(1827,17): message : или       "bool std::operator <(const std::shared_ptr<_Ty> &,const std::shared_ptr<_Ty0> &) noexcept"
C:\Users\RELOAD\source\repos\AISD-Lab1\Mnogochlen.cpp(247,24): message : 'bool std::operator <(const std::shared_ptr<_Ty> &,const std::shared_ptr<_Ty0> &) noexcept': не удалось вывести аргумент шаблон для 'const std::shared_ptr<_Ty> &' из '_Ty'
          with
          [
              _Ty=double
          ]
C:\Program Files\Microsoft Visual Studio\2022\Community\VC\Tools\MSVC\14.34.31933\include\xstring(5241,17): message : или       "bool std::operator <(const std::basic_string<_Elem,_Traits,_Alloc> &,const _Elem *const )"
C:\Users\RELOAD\source\repos\AISD-Lab1\Mnogochlen.cpp(247,24): message : 'bool std::operator <(const std::basic_string<_Elem,_Traits,_Alloc> &,const _Elem *const )': не удалось вывести аргумент шаблон для 'const std::basic_string<_Elem,_Traits,_Alloc> &' из '_Ty'
          with
          [
              _Ty=double
          ]
C:\Program Files\Microsoft Visual Studio\2022\Community\VC\Tools\MSVC\14.34.31933\include\xstring(5236,17): message : или       "bool std::operator <(const _Elem *const ,const std::basic_string<_Elem,_Traits,_Alloc> &)"
C:\Users\RELOAD\source\repos\AISD-Lab1\Mnogochlen.cpp(247,24): message : 'bool std::operator <(const _Elem *const ,const std::basic_string<_Elem,_Traits,_Alloc> &)': не удалось вывести аргумент шаблон для 'const _Elem *const ' из '_Ty'
          with
          [
              _Ty=double
          ]
C:\Program Files\Microsoft Visual Studio\2022\Community\VC\Tools\MSVC\14.34.31933\include\xstring(5230,17): message : или       "bool std::operator <(const std::basic_string<_Elem,_Traits,_Alloc> &,const std::basic_string<_Elem,_Traits,_Alloc> &) noexcept"
C:\Users\RELOAD\source\repos\AISD-Lab1\Mnogochlen.cpp(247,24): message : 'bool std::operator <(const std::basic_string<_Elem,_Traits,_Alloc> &,const std::basic_string<_Elem,_Traits,_Alloc> &) noexcept': не удалось вывести аргумент шаблон для 'const std::basic_string<_Elem,_Traits,_Alloc> &' из '_Ty'
          with
          [
              _Ty=double
          ]
C:\Program Files\Microsoft Visual Studio\2022\Community\VC\Tools\MSVC\14.34.31933\include\xutility(3599,5): message : или       "bool std::operator <(const std::move_iterator<_Iter> &,const std::move_iterator<_Iter2> &) noexcept(<expr>)"
C:\Users\RELOAD\source\repos\AISD-Lab1\Mnogochlen.cpp(247,24): message : 'bool std::operator <(const std::move_iterator<_Iter> &,const std::move_iterator<_Iter2> &) noexcept(<expr>)': не удалось вывести аргумент шаблон для 'const std::move_iterator<_Iter> &' из '_Ty'
          with
          [
              _Ty=double
          ]
C:\Program Files\Microsoft Visual Studio\2022\Community\VC\Tools\MSVC\14.34.31933\include\xutility(1422,5): message : или       "bool std::operator <(const std::reverse_iterator<_BidIt> &,const std::reverse_iterator<_BidIt2> &) noexcept(<expr>)"
C:\Users\RELOAD\source\repos\AISD-Lab1\Mnogochlen.cpp(247,24): message : 'bool std::operator <(const std::reverse_iterator<_BidIt> &,const std::reverse_iterator<_BidIt2> &) noexcept(<expr>)': не удалось вывести аргумент шаблон для 'const std::reverse_iterator<_BidIt> &' из '_Ty'
          with
          [
              _Ty=double
          ]
C:\Program Files\Microsoft Visual Studio\2022\Community\VC\Tools\MSVC\14.34.31933\include\utility(387,27): message : или       "bool std::operator <(const std::pair<_Ty1,_Ty2> &,const std::pair<_Ty1,_Ty2> &)"
C:\Users\RELOAD\source\repos\AISD-Lab1\Mnogochlen.cpp(247,24): message : 'bool std::operator <(const std::pair<_Ty1,_Ty2> &,const std::pair<_Ty1,_Ty2> &)': не удалось вывести аргумент шаблон для 'const std::pair<_Ty1,_Ty2> &' из '_Ty'
          with
          [
              _Ty=double
          ]
C:\Users\RELOAD\source\repos\AISD-Lab1\Mnogochlen.cpp(236,1): message : во время компиляции функции-члена класс шаблон "bool Mnogochlen<std::complex<double>>::operator ==(const Mnogochlen<std::complex<double>> &) const"
C:\Users\RELOAD\source\repos\AISD-Lab1\Mnogochlen.cpp(279,48): error C2677: бинарный ">": не найден глобальный оператор, принимающий тип "const T" (или приемлемое преобразование отсутствует)
          with
          [
              T=std::complex<double>
          ]
C:\Users\RELOAD\source\repos\AISD-Lab1\Mnogochlen.cpp(5,6): message : может быть "bool operator >(const std::complex<_Other>,const std::complex<_Other>)"
C:\Users\RELOAD\source\repos\AISD-Lab1\Mnogochlen.cpp(279,24): message : 'bool operator >(const std::complex<_Other>,const std::complex<_Other>)': не удалось вывести аргумент шаблон для 'const std::complex<_Other>' из '_Ty'
          with
          [
              _Ty=double
          ]
C:\Program Files\Microsoft Visual Studio\2022\Community\VC\Tools\MSVC\14.34.31933\include\memory(3566,30): message : или       "bool std::operator >(std::nullptr_t,const std::unique_ptr<_Ty,_Dx> &)"
C:\Users\RELOAD\source\repos\AISD-Lab1\Mnogochlen.cpp(279,24): message : 'bool std::operator >(std::nullptr_t,const std::unique_ptr<_Ty,_Dx> &)': не удалось вывести аргумент шаблон для 'const std::unique_ptr<_Ty,_Dx> &' из 'const T'
          with
          [
              T=std::complex<double>
          ]
C:\Program Files\Microsoft Visual Studio\2022\Community\VC\Tools\MSVC\14.34.31933\include\memory(3561,30): message : или       "bool std::operator >(const std::unique_ptr<_Ty,_Dx> &,std::nullptr_t)"
C:\Users\RELOAD\source\repos\AISD-Lab1\Mnogochlen.cpp(279,24): message : 'bool std::operator >(const std::unique_ptr<_Ty,_Dx> &,std::nullptr_t)': не удалось вывести аргумент шаблон для 'const std::unique_ptr<_Ty,_Dx> &' из '_Ty'
          with
          [
              _Ty=double
          ]
C:\Program Files\Microsoft Visual Studio\2022\Community\VC\Tools\MSVC\14.34.31933\include\memory(3494,17): message : или       "bool std::operator >(const std::unique_ptr<_Ty,_Dx> &,const std::unique_ptr<_Ty2,_Dx2> &)"
C:\Users\RELOAD\source\repos\AISD-Lab1\Mnogochlen.cpp(279,24): message : 'bool std::operator >(const std::unique_ptr<_Ty,_Dx> &,const std::unique_ptr<_Ty2,_Dx2> &)': не удалось вывести аргумент шаблон для 'const std::unique_ptr<_Ty,_Dx> &' из '_Ty'
          with
          [
              _Ty=double
          ]
C:\Program Files\Microsoft Visual Studio\2022\Community\VC\Tools\MSVC\14.34.31933\include\memory(1899,17): message : или       "bool std::operator >(std::nullptr_t,const std::shared_ptr<_Ty> &) noexcept"
C:\Users\RELOAD\source\repos\AISD-Lab1\Mnogochlen.cpp(279,24): message : 'bool std::operator >(std::nullptr_t,const std::shared_ptr<_Ty> &) noexcept': не удалось вывести аргумент шаблон для 'const std::shared_ptr<_Ty> &' из 'const T'
          with
          [
              T=std::complex<double>
          ]
C:\Program Files\Microsoft Visual Studio\2022\Community\VC\Tools\MSVC\14.34.31933\include\memory(1894,17): message : или       "bool std::operator >(const std::shared_ptr<_Ty> &,std::nullptr_t) noexcept"
C:\Users\RELOAD\source\repos\AISD-Lab1\Mnogochlen.cpp(279,24): message : 'bool std::operator >(const std::shared_ptr<_Ty> &,std::nullptr_t) noexcept': не удалось вывести аргумент шаблон для 'const std::shared_ptr<_Ty> &' из '_Ty'
          with
          [
              _Ty=double
          ]
C:\Program Files\Microsoft Visual Studio\2022\Community\VC\Tools\MSVC\14.34.31933\include\memory(1837,17): message : или       "bool std::operator >(const std::shared_ptr<_Ty> &,const std::shared_ptr<_Ty0> &) noexcept"
C:\Users\RELOAD\source\repos\AISD-Lab1\Mnogochlen.cpp(279,24): message : 'bool std::operator >(const std::shared_ptr<_Ty> &,const std::shared_ptr<_Ty0> &) noexcept': не удалось вывести аргумент шаблон для 'const std::shared_ptr<_Ty> &' из '_Ty'
          with
          [
              _Ty=double
          ]
C:\Program Files\Microsoft Visual Studio\2022\Community\VC\Tools\MSVC\14.34.31933\include\xstring(5257,17): message : или       "bool std::operator >(const std::basic_string<_Elem,_Traits,_Alloc> &,const _Elem *const )"
C:\Users\RELOAD\source\repos\AISD-Lab1\Mnogochlen.cpp(279,24): message : 'bool std::operator >(const std::basic_string<_Elem,_Traits,_Alloc> &,const _Elem *const )': не удалось вывести аргумент шаблон для 'const std::basic_string<_Elem,_Traits,_Alloc> &' из '_Ty'
          with
          [
              _Ty=double
          ]
C:\Program Files\Microsoft Visual Studio\2022\Community\VC\Tools\MSVC\14.34.31933\include\xstring(5252,17): message : или       "bool std::operator >(const _Elem *const ,const std::basic_string<_Elem,_Traits,_Alloc> &)"
C:\Users\RELOAD\source\repos\AISD-Lab1\Mnogochlen.cpp(279,24): message : 'bool std::operator >(const _Elem *const ,const std::basic_string<_Elem,_Traits,_Alloc> &)': не удалось вывести аргумент шаблон для 'const _Elem *const ' из '_Ty'
          with
          [
              _Ty=double
          ]
C:\Program Files\Microsoft Visual Studio\2022\Community\VC\Tools\MSVC\14.34.31933\include\xstring(5246,17): message : или       "bool std::operator >(const std::basic_string<_Elem,_Traits,_Alloc> &,const std::basic_string<_Elem,_Traits,_Alloc> &) noexcept"
C:\Users\RELOAD\source\repos\AISD-Lab1\Mnogochlen.cpp(279,24): message : 'bool std::operator >(const std::basic_string<_Elem,_Traits,_Alloc> &,const std::basic_string<_Elem,_Traits,_Alloc> &) noexcept': не удалось вывести аргумент шаблон для 'const std::basic_string<_Elem,_Traits,_Alloc> &' из '_Ty'
          with
          [
              _Ty=double
          ]
C:\Program Files\Microsoft Visual Studio\2022\Community\VC\Tools\MSVC\14.34.31933\include\xutility(3611,30): message : или       "bool std::operator >(const std::move_iterator<_Iter> &,const std::move_iterator<_Iter2> &) noexcept(<expr>)"
C:\Users\RELOAD\source\repos\AISD-Lab1\Mnogochlen.cpp(279,24): message : 'bool std::operator >(const std::move_iterator<_Iter> &,const std::move_iterator<_Iter2> &) noexcept(<expr>)': не удалось вывести аргумент шаблон для 'const std::move_iterator<_Iter> &' из '_Ty'
          with
          [
              _Ty=double
          ]
C:\Program Files\Microsoft Visual Studio\2022\Community\VC\Tools\MSVC\14.34.31933\include\xutility(1435,5): message : или       "bool std::operator >(const std::reverse_iterator<_BidIt> &,const std::reverse_iterator<_BidIt2> &) noexcept(<expr>)"
C:\Users\RELOAD\source\repos\AISD-Lab1\Mnogochlen.cpp(279,24): message : 'bool std::operator >(const std::reverse_iterator<_BidIt> &,const std::reverse_iterator<_BidIt2> &) noexcept(<expr>)': не удалось вывести аргумент шаблон для 'const std::reverse_iterator<_BidIt> &' из '_Ty'
          with
          [
              _Ty=double
          ]
C:\Program Files\Microsoft Visual Studio\2022\Community\VC\Tools\MSVC\14.34.31933\include\utility(392,27): message : или       "bool std::operator >(const std::pair<_Ty1,_Ty2> &,const std::pair<_Ty1,_Ty2> &)"
C:\Users\RELOAD\source\repos\AISD-Lab1\Mnogochlen.cpp(279,24): message : 'bool std::operator >(const std::pair<_Ty1,_Ty2> &,const std::pair<_Ty1,_Ty2> &)': не удалось вывести аргумент шаблон для 'const std::pair<_Ty1,_Ty2> &' из '_Ty'
          with
          [
              _Ty=double
          ]
C:\Users\RELOAD\source\repos\AISD-Lab1\Mnogochlen.cpp(264,1): message : во время компиляции функции-члена класс шаблон "bool Mnogochlen<std::complex<double>>::operator !=(const Mnogochlen<std::complex<double>> &) const"
C:\Users\RELOAD\source\repos\AISD-Lab1\Mnogochlen.cpp(361,49): warning C4244: аргумент: преобразование "__int64" в "const std::complex<double>::_Ty", возможна потеря данных
C:\Users\RELOAD\source\repos\AISD-Lab1\Mnogochlen.cpp(356,1): message : во время компиляции функции-члена класс шаблон "T Mnogochlen<T>::CountValue(T) const"
          with
          [
              T=std::complex<double>
          ]
  MnogochlenExceptions.cpp
  Создание кода...
